2023-05-18 14:53:06,038 [6] (null) INFO  - BrandixAutomation.Labdip.API.Program - GetLabdipChartData function called with response_files=Microsoft.AspNetCore.Http.FormFileCollection, keys=System.Collections.Generic.Dictionary`2+KeyCollection[System.String,Microsoft.Extensions.Primitives.StringValues]
2023-05-18 14:53:06,064 [6] (null) INFO  - BrandixAutomation.Labdip.API.Program - ProcessLabdipChartDataExcel function called with tech_pack=Microsoft.AspNetCore.Http.FormFile, linematrix=Microsoft.AspNetCore.Http.FormFile, file_variation=2
2023-05-18 14:53:06,308 [6] (null) INFO  - BrandixAutomation.Labdip.API.Program - processFileData function called with filename=40QM230 - CKNA.xlsx, type=bom, file_variation=2
2023-05-18 14:53:06,338 [6] (null) INFO  - BrandixAutomation.Labdip.API.Program - arrangeSubColumns function called with labdipChartModelList=System.Collections.Generic.List`1[BrandixAutomation.Labdip.API.Models.LabdipChartModel]
2023-05-18 14:53:06,340 [6] (null) INFO  - BrandixAutomation.Labdip.API.Program - processFileData function called with filename=40QM230 - CKNA.xlsx, type=line_matrix, file_variation=2
2023-05-18 14:53:06,379 [6] (null) INFO  - BrandixAutomation.Labdip.API.Program - splitTransformData function called with labdipChartModel=System.Collections.Generic.List`1[BrandixAutomation.Labdip.API.Models.LabdipChartModel], file_variation=2
2023-05-18 14:59:33,491 [11] (null) INFO  - BrandixAutomation.Labdip.API.Program - GetLabdipChartData function called with response_files=Microsoft.AspNetCore.Http.FormFileCollection, keys=System.Collections.Generic.Dictionary`2+KeyCollection[System.String,Microsoft.Extensions.Primitives.StringValues]
2023-05-18 14:59:33,518 [11] (null) INFO  - BrandixAutomation.Labdip.API.Program - ProcessLabdipChartDataExcel function called with tech_pack=Microsoft.AspNetCore.Http.FormFile, linematrix=Microsoft.AspNetCore.Http.FormFile, file_variation=2
2023-05-18 14:59:33,689 [11] (null) INFO  - BrandixAutomation.Labdip.API.Program - processFileData function called with filename=40QM230 - CKNA.xlsx, type=bom, file_variation=2
2023-05-18 14:59:51,728 [12] (null) INFO  - BrandixAutomation.Labdip.API.Program - GetLabdipChartData function called with response_files=Microsoft.AspNetCore.Http.FormFileCollection, keys=System.Collections.Generic.Dictionary`2+KeyCollection[System.String,Microsoft.Extensions.Primitives.StringValues]
2023-05-18 14:59:51,728 [12] (null) INFO  - BrandixAutomation.Labdip.API.Program - ProcessLabdipChartDataExcel function called with tech_pack=Microsoft.AspNetCore.Http.FormFile, linematrix=Microsoft.AspNetCore.Http.FormFile, file_variation=2
2023-05-18 14:59:51,849 [12] (null) INFO  - BrandixAutomation.Labdip.API.Program - processFileData function called with filename=40QC812 - CKNA.xlsx, type=bom, file_variation=2
2023-05-18 15:01:19,034 [21] (null) INFO  - BrandixAutomation.Labdip.API.Program - GetLabdipChartData function called with response_files=Microsoft.AspNetCore.Http.FormFileCollection, keys=System.Collections.Generic.Dictionary`2+KeyCollection[System.String,Microsoft.Extensions.Primitives.StringValues]
2023-05-18 15:01:19,035 [21] (null) INFO  - BrandixAutomation.Labdip.API.Program - ProcessLabdipChartDataExcel function called with tech_pack=Microsoft.AspNetCore.Http.FormFile, linematrix=Microsoft.AspNetCore.Http.FormFile, file_variation=2
2023-05-18 15:01:19,057 [21] (null) INFO  - BrandixAutomation.Labdip.API.Program - processFileData function called with filename=40HM265 - CKNA.xlsx, type=bom, file_variation=2
2023-05-18 15:02:24,375 [9] (null) INFO  - BrandixAutomation.Labdip.API.Program - GetLabdipChartData function called with response_files=Microsoft.AspNetCore.Http.FormFileCollection, keys=System.Collections.Generic.Dictionary`2+KeyCollection[System.String,Microsoft.Extensions.Primitives.StringValues]
2023-05-18 15:02:24,418 [9] (null) INFO  - BrandixAutomation.Labdip.API.Program - ProcessLabdipChartDataExcel function called with tech_pack=Microsoft.AspNetCore.Http.FormFile, linematrix=Microsoft.AspNetCore.Http.FormFile, file_variation=2
2023-05-18 15:02:24,526 [9] (null) INFO  - BrandixAutomation.Labdip.API.Program - processFileData function called with filename=40HM265 - CKNA.xlsx, type=bom, file_variation=2
2023-05-18 15:02:33,688 [10] (null) INFO  - BrandixAutomation.Labdip.API.Program - GetLabdipChartData function called with response_files=Microsoft.AspNetCore.Http.FormFileCollection, keys=System.Collections.Generic.Dictionary`2+KeyCollection[System.String,Microsoft.Extensions.Primitives.StringValues]
2023-05-18 15:02:33,689 [10] (null) INFO  - BrandixAutomation.Labdip.API.Program - ProcessLabdipChartDataExcel function called with tech_pack=Microsoft.AspNetCore.Http.FormFile, linematrix=Microsoft.AspNetCore.Http.FormFile, file_variation=2
2023-05-18 15:02:33,711 [10] (null) INFO  - BrandixAutomation.Labdip.API.Program - processFileData function called with filename=40HM265 - CKNA.xlsx, type=bom, file_variation=2
2023-05-18 15:03:15,999 [16] (null) INFO  - BrandixAutomation.Labdip.API.Program - GetLabdipChartData function called with response_files=Microsoft.AspNetCore.Http.FormFileCollection, keys=System.Collections.Generic.Dictionary`2+KeyCollection[System.String,Microsoft.Extensions.Primitives.StringValues]
2023-05-18 15:03:57,208 [16] (null) INFO  - BrandixAutomation.Labdip.API.Program - ProcessLabdipChartDataExcel function called with tech_pack=Microsoft.AspNetCore.Http.FormFile, linematrix=Microsoft.AspNetCore.Http.FormFile, file_variation=2
2023-05-18 15:04:11,302 [16] (null) INFO  - BrandixAutomation.Labdip.API.Program - processFileData function called with filename=40HM265 - CKNA.xlsx, type=bom, file_variation=2
2023-05-18 15:04:35,338 [16] (null) INFO  - BrandixAutomation.Labdip.API.Program - GetLabdipChartData function called with response_files=Microsoft.AspNetCore.Http.FormFileCollection, keys=System.Collections.Generic.Dictionary`2+KeyCollection[System.String,Microsoft.Extensions.Primitives.StringValues]
2023-05-18 15:05:59,671 [16] (null) INFO  - BrandixAutomation.Labdip.API.Program - ProcessLabdipChartDataExcel function called with tech_pack=Microsoft.AspNetCore.Http.FormFile, linematrix=Microsoft.AspNetCore.Http.FormFile, file_variation=2
2023-05-18 15:06:30,280 [16] (null) INFO  - BrandixAutomation.Labdip.API.Program - processFileData function called with filename=40HM265 - CKNA.xlsx, type=bom, file_variation=2
2023-05-18 15:06:44,510 [16] (null) INFO  - BrandixAutomation.Labdip.API.Program - GetLabdipChartData function called with response_files=Microsoft.AspNetCore.Http.FormFileCollection, keys=System.Collections.Generic.Dictionary`2+KeyCollection[System.String,Microsoft.Extensions.Primitives.StringValues]
2023-05-18 15:06:48,315 [16] (null) INFO  - BrandixAutomation.Labdip.API.Program - ProcessLabdipChartDataExcel function called with tech_pack=Microsoft.AspNetCore.Http.FormFile, linematrix=Microsoft.AspNetCore.Http.FormFile, file_variation=2
2023-05-18 15:06:52,655 [16] (null) INFO  - BrandixAutomation.Labdip.API.Program - processFileData function called with filename=40HM265 - CKNA.xlsx, type=bom, file_variation=2
2023-05-18 15:07:01,282 [16] (null) INFO  - BrandixAutomation.Labdip.API.Program - GetLabdipChartData function called with response_files=Microsoft.AspNetCore.Http.FormFileCollection, keys=System.Collections.Generic.Dictionary`2+KeyCollection[System.String,Microsoft.Extensions.Primitives.StringValues]
2023-05-18 15:07:04,473 [16] (null) INFO  - BrandixAutomation.Labdip.API.Program - ProcessLabdipChartDataExcel function called with tech_pack=Microsoft.AspNetCore.Http.FormFile, linematrix=Microsoft.AspNetCore.Http.FormFile, file_variation=2
2023-05-18 15:07:12,158 [16] (null) INFO  - BrandixAutomation.Labdip.API.Program - processFileData function called with filename=40HM265 - CKNA.xlsx, type=bom, file_variation=2
2023-05-18 15:08:51,828 [9] (null) INFO  - BrandixAutomation.Labdip.API.Program - GetLabdipChartData function called with response_files=Microsoft.AspNetCore.Http.FormFileCollection, keys=System.Collections.Generic.Dictionary`2+KeyCollection[System.String,Microsoft.Extensions.Primitives.StringValues]
2023-05-18 15:08:54,132 [9] (null) INFO  - BrandixAutomation.Labdip.API.Program - ProcessLabdipChartDataExcel function called with tech_pack=Microsoft.AspNetCore.Http.FormFile, linematrix=Microsoft.AspNetCore.Http.FormFile, file_variation=2
2023-05-18 15:08:56,121 [9] (null) INFO  - BrandixAutomation.Labdip.API.Program - processFileData function called with filename=40HM265 - CKNA.xlsx, type=bom, file_variation=2
2023-05-18 15:11:19,269 [10] (null) INFO  - BrandixAutomation.Labdip.API.Program - GetLabdipChartData function called with response_files=Microsoft.AspNetCore.Http.FormFileCollection, keys=System.Collections.Generic.Dictionary`2+KeyCollection[System.String,Microsoft.Extensions.Primitives.StringValues]
2023-05-18 15:11:20,886 [10] (null) INFO  - BrandixAutomation.Labdip.API.Program - ProcessLabdipChartDataExcel function called with tech_pack=Microsoft.AspNetCore.Http.FormFile, linematrix=Microsoft.AspNetCore.Http.FormFile, file_variation=2
2023-05-18 15:11:22,927 [10] (null) INFO  - BrandixAutomation.Labdip.API.Program - processFileData function called with filename=40HM265 - CKNA.xlsx, type=bom, file_variation=2
2023-05-18 15:14:37,290 [11] (null) INFO  - BrandixAutomation.Labdip.API.Program - GetLabdipChartData function called with response_files=Microsoft.AspNetCore.Http.FormFileCollection, keys=System.Collections.Generic.Dictionary`2+KeyCollection[System.String,Microsoft.Extensions.Primitives.StringValues]
2023-05-18 15:14:38,843 [11] (null) INFO  - BrandixAutomation.Labdip.API.Program - ProcessLabdipChartDataExcel function called with tech_pack=Microsoft.AspNetCore.Http.FormFile, linematrix=Microsoft.AspNetCore.Http.FormFile, file_variation=2
2023-05-18 15:14:39,694 [11] (null) INFO  - BrandixAutomation.Labdip.API.Program - processFileData function called with filename=40HM265 - CKNA.xlsx, type=bom, file_variation=2
2023-05-18 15:14:40,542 [11] (null) INFO  - BrandixAutomation.Labdip.API.Program - arrangeSubColumns function called with labdipChartModelList=System.Collections.Generic.List`1[BrandixAutomation.Labdip.API.Models.LabdipChartModel]
2023-05-18 15:14:41,365 [11] (null) INFO  - BrandixAutomation.Labdip.API.Program - processFileData function called with filename=40HM265 - CKNA.xlsx, type=line_matrix, file_variation=2
2023-05-18 15:14:42,120 [11] (null) INFO  - BrandixAutomation.Labdip.API.Program - splitTransformData function called with labdipChartModel=System.Collections.Generic.List`1[BrandixAutomation.Labdip.API.Models.LabdipChartModel], file_variation=2
2023-05-18 15:15:55,110 [22] (null) INFO  - BrandixAutomation.Labdip.API.Program - GetLabdipChartData function called with response_files=Microsoft.AspNetCore.Http.FormFileCollection, keys=System.Collections.Generic.Dictionary`2+KeyCollection[System.String,Microsoft.Extensions.Primitives.StringValues]
2023-05-18 15:16:04,987 [22] (null) INFO  - BrandixAutomation.Labdip.API.Program - ProcessLabdipChartDataExcel function called with tech_pack=Microsoft.AspNetCore.Http.FormFile, linematrix=Microsoft.AspNetCore.Http.FormFile, file_variation=2
2023-05-18 15:16:05,847 [22] (null) INFO  - BrandixAutomation.Labdip.API.Program - processFileData function called with filename=40HM265 - CKNA.xlsx, type=bom, file_variation=2
2023-05-18 15:16:06,749 [22] (null) INFO  - BrandixAutomation.Labdip.API.Program - arrangeSubColumns function called with labdipChartModelList=System.Collections.Generic.List`1[BrandixAutomation.Labdip.API.Models.LabdipChartModel]
2023-05-18 15:16:07,672 [22] (null) INFO  - BrandixAutomation.Labdip.API.Program - processFileData function called with filename=40HM265 - CKNA.xlsx, type=line_matrix, file_variation=2
2023-05-18 15:16:08,537 [22] (null) INFO  - BrandixAutomation.Labdip.API.Program - splitTransformData function called with labdipChartModel=System.Collections.Generic.List`1[BrandixAutomation.Labdip.API.Models.LabdipChartModel], file_variation=2
2023-05-18 15:19:42,842 [6] (null) INFO  - BrandixAutomation.Labdip.API.Program - GetLabdipChartData function called with response_files=Microsoft.AspNetCore.Http.FormFileCollection, keys=System.Collections.Generic.Dictionary`2+KeyCollection[System.String,Microsoft.Extensions.Primitives.StringValues]
2023-05-18 15:19:42,881 [6] (null) INFO  - BrandixAutomation.Labdip.API.Program - ProcessLabdipChartDataExcel function called with tech_pack=Microsoft.AspNetCore.Http.FormFile, linematrix=Microsoft.AspNetCore.Http.FormFile, file_variation=2
2023-05-18 15:19:45,605 [6] (null) INFO  - BrandixAutomation.Labdip.API.Program - processFileData function called with filename=40HM265 - CKNA.xlsx, type=bom, file_variation=2
2023-05-18 15:19:45,652 [6] (null) INFO  - BrandixAutomation.Labdip.API.Program - arrangeSubColumns function called with labdipChartModelList=System.Collections.Generic.List`1[BrandixAutomation.Labdip.API.Models.LabdipChartModel]
2023-05-18 15:19:49,084 [6] (null) INFO  - BrandixAutomation.Labdip.API.Program - processFileData function called with filename=40HM265 - CKNA.xlsx, type=line_matrix, file_variation=2
2023-05-18 15:19:49,159 [6] (null) INFO  - BrandixAutomation.Labdip.API.Program - splitTransformData function called with labdipChartModel=System.Collections.Generic.List`1[BrandixAutomation.Labdip.API.Models.LabdipChartModel], file_variation=2
2023-05-18 15:22:56,289 [8] (null) INFO  - BrandixAutomation.Labdip.API.Program - GetLabdipChartData function called with response_files=Microsoft.AspNetCore.Http.FormFileCollection, keys=System.Collections.Generic.Dictionary`2+KeyCollection[System.String,Microsoft.Extensions.Primitives.StringValues]
2023-05-18 15:22:56,327 [8] (null) INFO  - BrandixAutomation.Labdip.API.Program - ProcessLabdipChartDataExcel function called with tech_pack=Microsoft.AspNetCore.Http.FormFile, linematrix=Microsoft.AspNetCore.Http.FormFile, file_variation=2
2023-05-18 15:22:59,691 [8] (null) INFO  - BrandixAutomation.Labdip.API.Program - processFileData function called with filename=40HM265 - CKNA.xlsx, type=bom, file_variation=2
2023-05-18 15:22:59,727 [8] (null) INFO  - BrandixAutomation.Labdip.API.Program - arrangeSubColumns function called with labdipChartModelList=System.Collections.Generic.List`1[BrandixAutomation.Labdip.API.Models.LabdipChartModel]
2023-05-18 15:23:01,520 [8] (null) INFO  - BrandixAutomation.Labdip.API.Program - processFileData function called with filename=40HM265 - CKNA.xlsx, type=line_matrix, file_variation=2
2023-05-18 15:23:01,680 [8] (null) INFO  - BrandixAutomation.Labdip.API.Program - splitTransformData function called with labdipChartModel=System.Collections.Generic.List`1[BrandixAutomation.Labdip.API.Models.LabdipChartModel], file_variation=2
2023-05-18 15:25:08,544 [9] (null) INFO  - BrandixAutomation.Labdip.API.Program - GetLabdipChartData function called with response_files=Microsoft.AspNetCore.Http.FormFileCollection, keys=System.Collections.Generic.Dictionary`2+KeyCollection[System.String,Microsoft.Extensions.Primitives.StringValues]
2023-05-18 15:25:08,583 [9] (null) INFO  - BrandixAutomation.Labdip.API.Program - ProcessLabdipChartDataExcel function called with tech_pack=Microsoft.AspNetCore.Http.FormFile, linematrix=Microsoft.AspNetCore.Http.FormFile, file_variation=2
2023-05-18 15:25:11,199 [9] (null) INFO  - BrandixAutomation.Labdip.API.Program - processFileData function called with filename=40HM265 - CKNA.xlsx, type=bom, file_variation=2
2023-05-18 15:25:11,232 [9] (null) INFO  - BrandixAutomation.Labdip.API.Program - arrangeSubColumns function called with labdipChartModelList=System.Collections.Generic.List`1[BrandixAutomation.Labdip.API.Models.LabdipChartModel]
2023-05-18 15:25:11,908 [9] (null) INFO  - BrandixAutomation.Labdip.API.Program - processFileData function called with filename=40HM265 - CKNA.xlsx, type=line_matrix, file_variation=2
2023-05-18 15:25:12,020 [9] (null) INFO  - BrandixAutomation.Labdip.API.Program - splitTransformData function called with labdipChartModel=System.Collections.Generic.List`1[BrandixAutomation.Labdip.API.Models.LabdipChartModel], file_variation=2
2023-05-18 15:45:46,817 [22] (null) INFO  - BrandixAutomation.Labdip.API.Program - GetLabdipChartData function called with response_files=Microsoft.AspNetCore.Http.FormFileCollection, keys=System.Collections.Generic.Dictionary`2+KeyCollection[System.String,Microsoft.Extensions.Primitives.StringValues]
2023-05-18 15:45:46,856 [22] (null) INFO  - BrandixAutomation.Labdip.API.Program - ProcessLabdipChartDataExcel function called with tech_pack=Microsoft.AspNetCore.Http.FormFile, linematrix=Microsoft.AspNetCore.Http.FormFile, file_variation=2
2023-05-18 15:45:55,295 [22] (null) INFO  - BrandixAutomation.Labdip.API.Program - processFileData function called with filename=40HM265 - CKNA.xlsx, type=bom, file_variation=2
2023-05-18 15:45:55,346 [22] (null) INFO  - BrandixAutomation.Labdip.API.Program - arrangeSubColumns function called with labdipChartModelList=System.Collections.Generic.List`1[BrandixAutomation.Labdip.API.Models.LabdipChartModel]
2023-05-18 15:45:55,974 [22] (null) INFO  - BrandixAutomation.Labdip.API.Program - processFileData function called with filename=40HM265 - CKNA.xlsx, type=line_matrix, file_variation=2
2023-05-18 15:45:56,068 [22] (null) INFO  - BrandixAutomation.Labdip.API.Program - splitTransformData function called with labdipChartModel=System.Collections.Generic.List`1[BrandixAutomation.Labdip.API.Models.LabdipChartModel], file_variation=2
2023-05-18 16:00:51,065 [6] (null) INFO  - BrandixAutomation.Labdip.API.Program - GetLabdipChartData function called with response_files=Microsoft.AspNetCore.Http.FormFileCollection, keys=System.Collections.Generic.Dictionary`2+KeyCollection[System.String,Microsoft.Extensions.Primitives.StringValues]
2023-05-18 16:00:51,104 [6] (null) INFO  - BrandixAutomation.Labdip.API.Program - ProcessLabdipChartDataExcel function called with tech_pack=Microsoft.AspNetCore.Http.FormFile, linematrix=Microsoft.AspNetCore.Http.FormFile, file_variation=2
2023-05-18 16:00:51,207 [6] (null) INFO  - BrandixAutomation.Labdip.API.Program - processFileData function called with filename=PVH Placements - 40BM805.xlsx, type=bom, file_variation=2
2023-05-18 16:00:51,239 [6] (null) INFO  - BrandixAutomation.Labdip.API.Program - arrangeSubColumns function called with labdipChartModelList=System.Collections.Generic.List`1[BrandixAutomation.Labdip.API.Models.LabdipChartModel]
2023-05-18 16:00:51,243 [6] (null) INFO  - BrandixAutomation.Labdip.API.Program - processFileData function called with filename=PVH Placements - 40BM805.xlsx, type=line_matrix, file_variation=2
2023-05-18 16:00:51,338 [6] (null) INFO  - BrandixAutomation.Labdip.API.Program - splitTransformData function called with labdipChartModel=System.Collections.Generic.List`1[BrandixAutomation.Labdip.API.Models.LabdipChartModel], file_variation=2
2023-05-18 16:01:22,012 [19] (null) INFO  - BrandixAutomation.Labdip.API.Program - GetLabdipChartData function called with response_files=Microsoft.AspNetCore.Http.FormFileCollection, keys=System.Collections.Generic.Dictionary`2+KeyCollection[System.String,Microsoft.Extensions.Primitives.StringValues]
2023-05-18 16:01:22,013 [19] (null) INFO  - BrandixAutomation.Labdip.API.Program - ProcessLabdipChartDataExcel function called with tech_pack=Microsoft.AspNetCore.Http.FormFile, linematrix=Microsoft.AspNetCore.Http.FormFile, file_variation=2
2023-05-18 16:01:22,030 [19] (null) INFO  - BrandixAutomation.Labdip.API.Program - processFileData function called with filename=PVH Placements- 40QM894.xlsx, type=bom, file_variation=2
2023-05-18 16:01:22,036 [19] (null) INFO  - BrandixAutomation.Labdip.API.Program - arrangeSubColumns function called with labdipChartModelList=System.Collections.Generic.List`1[BrandixAutomation.Labdip.API.Models.LabdipChartModel]
2023-05-18 16:01:22,038 [19] (null) INFO  - BrandixAutomation.Labdip.API.Program - processFileData function called with filename=PVH Placements- 40QM894.xlsx, type=line_matrix, file_variation=2
2023-05-18 16:01:22,108 [19] (null) INFO  - BrandixAutomation.Labdip.API.Program - splitTransformData function called with labdipChartModel=System.Collections.Generic.List`1[BrandixAutomation.Labdip.API.Models.LabdipChartModel], file_variation=2
2023-05-18 16:03:35,568 [18] (null) INFO  - BrandixAutomation.Labdip.API.Program - GetLabdipChartData function called with response_files=Microsoft.AspNetCore.Http.FormFileCollection, keys=System.Collections.Generic.Dictionary`2+KeyCollection[System.String,Microsoft.Extensions.Primitives.StringValues]
2023-05-18 16:03:35,569 [18] (null) INFO  - BrandixAutomation.Labdip.API.Program - ProcessLabdipChartDataExcel function called with tech_pack=Microsoft.AspNetCore.Http.FormFile, linematrix=Microsoft.AspNetCore.Http.FormFile, file_variation=2
2023-05-18 16:03:35,586 [18] (null) INFO  - BrandixAutomation.Labdip.API.Program - processFileData function called with filename=PVH Placements - 40BM805.xlsx, type=bom, file_variation=2
2023-05-18 16:03:35,592 [18] (null) INFO  - BrandixAutomation.Labdip.API.Program - arrangeSubColumns function called with labdipChartModelList=System.Collections.Generic.List`1[BrandixAutomation.Labdip.API.Models.LabdipChartModel]
2023-05-18 16:03:35,594 [18] (null) INFO  - BrandixAutomation.Labdip.API.Program - processFileData function called with filename=PVH Placements - 40BM805.xlsx, type=line_matrix, file_variation=2
2023-05-18 16:03:35,641 [18] (null) INFO  - BrandixAutomation.Labdip.API.Program - splitTransformData function called with labdipChartModel=System.Collections.Generic.List`1[BrandixAutomation.Labdip.API.Models.LabdipChartModel], file_variation=2
2023-05-18 16:03:47,394 [18] (null) INFO  - BrandixAutomation.Labdip.API.Program - GetLabdipChartData function called with response_files=Microsoft.AspNetCore.Http.FormFileCollection, keys=System.Collections.Generic.Dictionary`2+KeyCollection[System.String,Microsoft.Extensions.Primitives.StringValues]
2023-05-18 16:03:47,394 [18] (null) INFO  - BrandixAutomation.Labdip.API.Program - ProcessLabdipChartDataExcel function called with tech_pack=Microsoft.AspNetCore.Http.FormFile, linematrix=Microsoft.AspNetCore.Http.FormFile, file_variation=2
2023-05-18 16:03:47,414 [18] (null) INFO  - BrandixAutomation.Labdip.API.Program - processFileData function called with filename=PVH Placements- 40QM894.xlsx, type=bom, file_variation=2
2023-05-18 16:03:47,420 [18] (null) INFO  - BrandixAutomation.Labdip.API.Program - arrangeSubColumns function called with labdipChartModelList=System.Collections.Generic.List`1[BrandixAutomation.Labdip.API.Models.LabdipChartModel]
2023-05-18 16:03:47,422 [18] (null) INFO  - BrandixAutomation.Labdip.API.Program - processFileData function called with filename=PVH Placements- 40QM894.xlsx, type=line_matrix, file_variation=2
2023-05-18 16:03:47,482 [18] (null) INFO  - BrandixAutomation.Labdip.API.Program - splitTransformData function called with labdipChartModel=System.Collections.Generic.List`1[BrandixAutomation.Labdip.API.Models.LabdipChartModel], file_variation=2
2023-05-18 16:14:15,100 [39] (null) INFO  - BrandixAutomation.Labdip.API.Program - GetLabdipChartData function called with response_files=Microsoft.AspNetCore.Http.FormFileCollection, keys=System.Collections.Generic.Dictionary`2+KeyCollection[System.String,Microsoft.Extensions.Primitives.StringValues]
2023-05-18 16:14:15,101 [39] (null) INFO  - BrandixAutomation.Labdip.API.Program - ProcessLabdipChartDataExcel function called with tech_pack=Microsoft.AspNetCore.Http.FormFile, linematrix=Microsoft.AspNetCore.Http.FormFile, file_variation=2
2023-05-18 16:14:15,184 [39] (null) INFO  - BrandixAutomation.Labdip.API.Program - processFileData function called with filename=40QM230 - CKNA.xlsx, type=bom, file_variation=2
2023-05-18 16:14:15,194 [39] (null) INFO  - BrandixAutomation.Labdip.API.Program - arrangeSubColumns function called with labdipChartModelList=System.Collections.Generic.List`1[BrandixAutomation.Labdip.API.Models.LabdipChartModel]
2023-05-18 16:14:15,197 [39] (null) INFO  - BrandixAutomation.Labdip.API.Program - processFileData function called with filename=40QM230 - CKNA.xlsx, type=line_matrix, file_variation=2
2023-05-18 16:14:15,227 [39] (null) INFO  - BrandixAutomation.Labdip.API.Program - splitTransformData function called with labdipChartModel=System.Collections.Generic.List`1[BrandixAutomation.Labdip.API.Models.LabdipChartModel], file_variation=2
2023-05-18 16:17:17,124 [7] (null) INFO  - BrandixAutomation.Labdip.API.Program - GetLabdipChartData function called with response_files=Microsoft.AspNetCore.Http.FormFileCollection, keys=System.Collections.Generic.Dictionary`2+KeyCollection[System.String,Microsoft.Extensions.Primitives.StringValues]
2023-05-18 16:17:17,163 [7] (null) INFO  - BrandixAutomation.Labdip.API.Program - ProcessLabdipChartDataExcel function called with tech_pack=Microsoft.AspNetCore.Http.FormFile, linematrix=Microsoft.AspNetCore.Http.FormFile, file_variation=2
2023-05-18 16:17:17,331 [7] (null) INFO  - BrandixAutomation.Labdip.API.Program - processFileData function called with filename=40QC812 - CKNA.xlsx, type=bom, file_variation=2
2023-05-18 16:17:17,360 [7] (null) INFO  - BrandixAutomation.Labdip.API.Program - arrangeSubColumns function called with labdipChartModelList=System.Collections.Generic.List`1[BrandixAutomation.Labdip.API.Models.LabdipChartModel]
2023-05-18 16:17:17,362 [7] (null) INFO  - BrandixAutomation.Labdip.API.Program - processFileData function called with filename=40QC812 - CKNA.xlsx, type=line_matrix, file_variation=2
2023-05-18 16:17:17,404 [7] (null) INFO  - BrandixAutomation.Labdip.API.Program - splitTransformData function called with labdipChartModel=System.Collections.Generic.List`1[BrandixAutomation.Labdip.API.Models.LabdipChartModel], file_variation=2
2023-05-18 16:18:20,699 [24] (null) INFO  - BrandixAutomation.Labdip.API.Program - GetLabdipChartData function called with response_files=Microsoft.AspNetCore.Http.FormFileCollection, keys=System.Collections.Generic.Dictionary`2+KeyCollection[System.String,Microsoft.Extensions.Primitives.StringValues]
2023-05-18 16:18:20,700 [24] (null) INFO  - BrandixAutomation.Labdip.API.Program - ProcessLabdipChartDataExcel function called with tech_pack=Microsoft.AspNetCore.Http.FormFile, linematrix=Microsoft.AspNetCore.Http.FormFile, file_variation=2
2023-05-18 16:18:20,783 [24] (null) INFO  - BrandixAutomation.Labdip.API.Program - processFileData function called with filename=40QM230 - CKNA.xlsx, type=bom, file_variation=2
2023-05-18 16:18:20,787 [24] (null) INFO  - BrandixAutomation.Labdip.API.Program - arrangeSubColumns function called with labdipChartModelList=System.Collections.Generic.List`1[BrandixAutomation.Labdip.API.Models.LabdipChartModel]
2023-05-18 16:18:20,787 [24] (null) INFO  - BrandixAutomation.Labdip.API.Program - processFileData function called with filename=40QM230 - CKNA.xlsx, type=line_matrix, file_variation=2
2023-05-18 16:18:20,823 [24] (null) INFO  - BrandixAutomation.Labdip.API.Program - splitTransformData function called with labdipChartModel=System.Collections.Generic.List`1[BrandixAutomation.Labdip.API.Models.LabdipChartModel], file_variation=2
2023-05-18 16:20:43,840 [30] (null) INFO  - BrandixAutomation.Labdip.API.Program - GetLabdipChartData function called with response_files=Microsoft.AspNetCore.Http.FormFileCollection, keys=System.Collections.Generic.Dictionary`2+KeyCollection[System.String,Microsoft.Extensions.Primitives.StringValues]
2023-05-18 16:20:43,840 [30] (null) INFO  - BrandixAutomation.Labdip.API.Program - ProcessLabdipChartDataExcel function called with tech_pack=Microsoft.AspNetCore.Http.FormFile, linematrix=Microsoft.AspNetCore.Http.FormFile, file_variation=2
2023-05-18 16:20:43,857 [30] (null) INFO  - BrandixAutomation.Labdip.API.Program - processFileData function called with filename=PVH Placements 40BM805.xlsx, type=bom, file_variation=2
2023-05-18 16:20:43,860 [30] (null) INFO  - BrandixAutomation.Labdip.API.Program - arrangeSubColumns function called with labdipChartModelList=System.Collections.Generic.List`1[BrandixAutomation.Labdip.API.Models.LabdipChartModel]
2023-05-18 16:20:43,860 [30] (null) INFO  - BrandixAutomation.Labdip.API.Program - processFileData function called with filename=PVH Placements 40BM805.xlsx, type=line_matrix, file_variation=2
2023-05-18 16:20:43,874 [30] (null) INFO  - BrandixAutomation.Labdip.API.Program - splitTransformData function called with labdipChartModel=System.Collections.Generic.List`1[BrandixAutomation.Labdip.API.Models.LabdipChartModel], file_variation=2
2023-05-18 16:24:15,593 [35] (null) INFO  - BrandixAutomation.Labdip.API.Program - GetLabdipChartData function called with response_files=Microsoft.AspNetCore.Http.FormFileCollection, keys=System.Collections.Generic.Dictionary`2+KeyCollection[System.String,Microsoft.Extensions.Primitives.StringValues]
2023-05-18 16:24:15,593 [35] (null) INFO  - BrandixAutomation.Labdip.API.Program - ProcessLabdipChartDataExcel function called with tech_pack=Microsoft.AspNetCore.Http.FormFile, linematrix=Microsoft.AspNetCore.Http.FormFile, file_variation=2
2023-05-18 16:24:15,617 [35] (null) INFO  - BrandixAutomation.Labdip.API.Program - processFileData function called with filename=40HM265 - CKNA.xlsx, type=bom, file_variation=2
2023-05-18 16:24:15,625 [35] (null) INFO  - BrandixAutomation.Labdip.API.Program - arrangeSubColumns function called with labdipChartModelList=System.Collections.Generic.List`1[BrandixAutomation.Labdip.API.Models.LabdipChartModel]
2023-05-18 16:24:15,628 [35] (null) INFO  - BrandixAutomation.Labdip.API.Program - processFileData function called with filename=40HM265 - CKNA.xlsx, type=line_matrix, file_variation=2
2023-05-18 16:24:15,719 [35] (null) INFO  - BrandixAutomation.Labdip.API.Program - splitTransformData function called with labdipChartModel=System.Collections.Generic.List`1[BrandixAutomation.Labdip.API.Models.LabdipChartModel], file_variation=2
2023-05-18 16:26:55,680 [19] (null) INFO  - BrandixAutomation.Labdip.API.Program - GetLabdipChartData function called with response_files=Microsoft.AspNetCore.Http.FormFileCollection, keys=System.Collections.Generic.Dictionary`2+KeyCollection[System.String,Microsoft.Extensions.Primitives.StringValues]
2023-05-18 16:26:55,719 [19] (null) INFO  - BrandixAutomation.Labdip.API.Program - ProcessLabdipChartDataExcel function called with tech_pack=Microsoft.AspNetCore.Http.FormFile, linematrix=Microsoft.AspNetCore.Http.FormFile, file_variation=2
2023-05-18 16:26:55,814 [19] (null) INFO  - BrandixAutomation.Labdip.API.Program - processFileData function called with filename=PVH Placements 40BM805.xlsx, type=bom, file_variation=2
2023-05-18 16:26:55,845 [19] (null) INFO  - BrandixAutomation.Labdip.API.Program - arrangeSubColumns function called with labdipChartModelList=System.Collections.Generic.List`1[BrandixAutomation.Labdip.API.Models.LabdipChartModel]
2023-05-18 16:26:55,846 [19] (null) INFO  - BrandixAutomation.Labdip.API.Program - processFileData function called with filename=PVH Placements 40BM805.xlsx, type=line_matrix, file_variation=2
2023-05-18 16:26:55,868 [19] (null) INFO  - BrandixAutomation.Labdip.API.Program - splitTransformData function called with labdipChartModel=System.Collections.Generic.List`1[BrandixAutomation.Labdip.API.Models.LabdipChartModel], file_variation=2
2023-05-18 16:27:27,062 [26] (null) INFO  - BrandixAutomation.Labdip.API.Program - GetLabdipChartData function called with response_files=Microsoft.AspNetCore.Http.FormFileCollection, keys=System.Collections.Generic.Dictionary`2+KeyCollection[System.String,Microsoft.Extensions.Primitives.StringValues]
2023-05-18 16:27:27,062 [26] (null) INFO  - BrandixAutomation.Labdip.API.Program - ProcessLabdipChartDataExcel function called with tech_pack=Microsoft.AspNetCore.Http.FormFile, linematrix=Microsoft.AspNetCore.Http.FormFile, file_variation=2
2023-05-18 16:27:27,085 [26] (null) INFO  - BrandixAutomation.Labdip.API.Program - processFileData function called with filename=40HM265 - CKNA.xlsx, type=bom, file_variation=2
2023-05-18 16:27:27,093 [26] (null) INFO  - BrandixAutomation.Labdip.API.Program - arrangeSubColumns function called with labdipChartModelList=System.Collections.Generic.List`1[BrandixAutomation.Labdip.API.Models.LabdipChartModel]
2023-05-18 16:27:27,096 [26] (null) INFO  - BrandixAutomation.Labdip.API.Program - processFileData function called with filename=40HM265 - CKNA.xlsx, type=line_matrix, file_variation=2
2023-05-18 16:27:27,207 [26] (null) INFO  - BrandixAutomation.Labdip.API.Program - splitTransformData function called with labdipChartModel=System.Collections.Generic.List`1[BrandixAutomation.Labdip.API.Models.LabdipChartModel], file_variation=2
2023-05-18 16:28:36,168 [33] (null) INFO  - BrandixAutomation.Labdip.API.Program - GetLabdipChartData function called with response_files=Microsoft.AspNetCore.Http.FormFileCollection, keys=System.Collections.Generic.Dictionary`2+KeyCollection[System.String,Microsoft.Extensions.Primitives.StringValues]
2023-05-18 16:28:36,168 [33] (null) INFO  - BrandixAutomation.Labdip.API.Program - ProcessLabdipChartDataExcel function called with tech_pack=Microsoft.AspNetCore.Http.FormFile, linematrix=Microsoft.AspNetCore.Http.FormFile, file_variation=2
2023-05-18 16:28:36,190 [33] (null) INFO  - BrandixAutomation.Labdip.API.Program - processFileData function called with filename=PVH Placements 40BM805.xlsx, type=bom, file_variation=2
2023-05-18 16:28:36,192 [33] (null) INFO  - BrandixAutomation.Labdip.API.Program - arrangeSubColumns function called with labdipChartModelList=System.Collections.Generic.List`1[BrandixAutomation.Labdip.API.Models.LabdipChartModel]
2023-05-18 16:28:36,193 [33] (null) INFO  - BrandixAutomation.Labdip.API.Program - processFileData function called with filename=PVH Placements 40BM805.xlsx, type=line_matrix, file_variation=2
2023-05-18 16:28:36,209 [33] (null) INFO  - BrandixAutomation.Labdip.API.Program - splitTransformData function called with labdipChartModel=System.Collections.Generic.List`1[BrandixAutomation.Labdip.API.Models.LabdipChartModel], file_variation=2
